2026-02-17 10:34:49 - uptime_monitor - INFO - ============================================================
2026-02-17 10:34:49 - uptime_monitor - INFO -   Uptime Monitor - Production Ready
2026-02-17 10:34:49 - uptime_monitor - INFO - ============================================================
2026-02-17 10:34:49 - uptime_monitor - INFO -   Port: 8080
2026-02-17 10:34:49 - uptime_monitor - INFO -   Database: D:\Project\Uptime_Robot\sites.db
2026-02-17 10:34:49 - uptime_monitor - INFO -   App Directory: D:\Project\Uptime_Robot
2026-02-17 10:35:24 - uptime_monitor - INFO - ============================================================
2026-02-17 10:35:24 - uptime_monitor - INFO -   Uptime Monitor - Production Ready
2026-02-17 10:35:24 - uptime_monitor - INFO - ============================================================
2026-02-17 10:35:24 - uptime_monitor - INFO -   Port: 8080
2026-02-17 10:35:24 - uptime_monitor - INFO -   Database: D:\Project\Uptime_Robot\sites.db
2026-02-17 10:35:24 - uptime_monitor - INFO -   App Directory: D:\Project\Uptime_Robot
2026-02-17 10:35:24 - uptime_monitor - INFO -   Access URL: http://192.168.50.42:8080
2026-02-17 10:35:24 - uptime_monitor - INFO - ============================================================
2026-02-17 10:35:24 - uptime_monitor - INFO -   LOGIN: admin
2026-02-17 10:35:24 - uptime_monitor - INFO -   PASSWORD: admin
2026-02-17 10:35:24 - uptime_monitor - INFO -   WARNING: Change password after first login!
2026-02-17 10:35:24 - uptime_monitor - INFO - ============================================================
2026-02-17 10:37:35 - uptime_monitor - INFO - ============================================================
2026-02-17 10:37:35 - uptime_monitor - INFO -   Uptime Monitor - Production Ready
2026-02-17 10:37:35 - uptime_monitor - INFO - ============================================================
2026-02-17 10:37:35 - uptime_monitor - INFO -   Port: 8080
2026-02-17 10:37:35 - uptime_monitor - INFO -   Database: D:\Project\Uptime_Robot\sites.db
2026-02-17 10:37:35 - uptime_monitor - INFO -   App Directory: D:\Project\Uptime_Robot
2026-02-17 10:37:35 - uptime_monitor - INFO -   Access URL: http://192.168.50.42:8080
2026-02-17 10:37:35 - uptime_monitor - INFO - ============================================================
2026-02-17 10:37:35 - uptime_monitor - INFO -   LOGIN: admin
2026-02-17 10:37:35 - uptime_monitor - INFO -   PASSWORD: admin
2026-02-17 10:37:35 - uptime_monitor - INFO -   WARNING: Change password after first login!
2026-02-17 10:37:35 - uptime_monitor - INFO - ============================================================
2026-02-17 10:43:00 - uptime_monitor - INFO - ============================================================
2026-02-17 10:43:00 - uptime_monitor - INFO -   Uptime Monitor - Production Ready
2026-02-17 10:43:00 - uptime_monitor - INFO - ============================================================
2026-02-17 10:43:00 - uptime_monitor - INFO -   Port: 8080
2026-02-17 10:43:00 - uptime_monitor - INFO -   Database: D:\Project\Uptime_Robot\sites.db
2026-02-17 10:43:00 - uptime_monitor - INFO -   App Directory: D:\Project\Uptime_Robot
2026-02-17 10:43:00 - uptime_monitor - INFO -   Access URL: http://192.168.50.42:8080
2026-02-17 10:43:00 - uptime_monitor - INFO - ============================================================
2026-02-17 10:43:00 - uptime_monitor - INFO -   LOGIN: admin
2026-02-17 10:43:00 - uptime_monitor - INFO -   PASSWORD: admin
2026-02-17 10:43:00 - uptime_monitor - INFO -   WARNING: Change password after first login!
2026-02-17 10:43:00 - uptime_monitor - INFO - ============================================================
2026-02-17 10:43:00 - uptime_monitor - ERROR - Monitor loop error: '_GeneratorContextManager' object has no attribute 'cursor'
